#
# A fatal error has been detected by the Java Runtime Environment:
#
#  EXCEPTION_ACCESS_VIOLATION (0xc0000005) at pc=0x00000000624c33bb, pid=5040, tid=7480
#
# JRE version: Java(TM) SE Runtime Environment (8.0_66-b18) (build 1.8.0_66-b18)
# Java VM: Java HotSpot(TM) 64-Bit Server VM (25.66-b18 mixed mode windows-amd64 compressed oops)
# Problematic frame:
# V  [jvm.dll+0x1133bb]
#
# Failed to write core dump. Minidumps are not enabled by default on client versions of Windows
#
# If you would like to submit a bug report, please visit:
#   http://bugreport.java.com/bugreport/crash.jsp
#

---------------  T H R E A D  ---------------

Current thread (0x00000000022c8000):  GCTaskThread [stack: 0x0000000011f20000,0x0000000012020000] [id=7480]

siginfo: ExceptionCode=0xc0000005, reading address 0x0000000000000008

Registers:
RAX=0x0000000012420000, RBX=0x00000000d9e00000, RCX=0x0000000000000003, RDX=0x0000000000000001
RSP=0x000000001201f790, RBP=0x000000008129a59c, RSI=0x00000000023a06f0, RDI=0x00000000023a06f0
R8 =0x0000000000000000, R9 =0x000000010001ce50, R10=0x000000000000000c, R11=0x00000000629a7978
R12=0x000000008129a5a0, R13=0x000000010001d370, R14=0x000000010001d378, R15=0x000000008129a588
RIP=0x00000000624c33bb, EFLAGS=0x0000000000010246

Top of Stack: (sp=0x000000001201f790)
0x000000001201f790:   000000010001ce50 000000008129a57c
0x000000001201f7a0:   0000000000000003 00000000625cb322
0x000000001201f7b0:   0000000000000000 00000000022c8790
0x000000001201f7c0:   00000000022bc9b0 00000000023a06f0
0x000000001201f7d0:   000000000000029a 00000000627a1f20
0x000000001201f7e0:   0000000017a63510 000000001201f8f9
0x000000001201f7f0:   00000000023a06f0 00000000629fa778
0x000000001201f800:   0000000017a62100 000000001201f8f9
0x000000001201f810:   0000000000000000 0000000000000004
0x000000001201f820:   00000000023a06f0 00000000624c1a82
0x000000001201f830:   00000000d9f00598 0000000000000000
0x000000001201f840:   0000000000000000 00000000022bc9b0
0x000000001201f850:   00000000022c87a0 00000000022c8790
0x000000001201f860:   00000000629fa778 00000000023a06f0
0x000000001201f870:   00000000022c9300 000000001201f8f9
0x000000001201f880:   0000000002355e40 000000006279f1c0 

Instructions: (pc=0x00000000624c33bb)
0x00000000624c339b:   6e 00 84 d2 74 16 44 8b 43 08 8b 0d e5 23 68 00
0x00000000624c33ab:   49 d3 e0 4c 03 05 d3 23 68 00 eb 04 4c 8b 43 08
0x00000000624c33bb:   45 8b 48 08 45 85 c9 7e 0c 41 f6 c1 01 75 4b 41
0x00000000624c33cb:   c1 f9 03 eb 57 79 43 84 d2 41 8b c9 b8 10 00 00 


Register to memory mapping:

RAX=0x0000000012420000 is an unknown value
RBX=0x00000000d9e00000 is an unknown value
RCX=0x0000000000000003 is an unknown value
RDX=0x0000000000000001 is an unknown value
RSP=0x000000001201f790 is an unknown value
RBP=0x000000008129a59c is pointing into object: 0x000000008129a588
java.util.ArrayList 
 - klass: 'java/util/ArrayList'
RSI=0x00000000023a06f0 is an unknown value
RDI=0x00000000023a06f0 is an unknown value
R8 =0x0000000000000000 is an unknown value
R9 =0x000000010001ce50 is pointing into metadata
R10=0x000000000000000c is an unknown value
R11=0x00000000629a7978 is an unknown value
R12=0x000000008129a5a0 is an oop
engine.grid.GridTile 
 - klass: 'engine/grid/GridTile'
R13=0x000000010001d370 is pointing into metadata
R14=0x000000010001d378 is pointing into metadata
R15=0x000000008129a588 is an oop
java.util.ArrayList 
 - klass: 'java/util/ArrayList'


Stack: [0x0000000011f20000,0x0000000012020000],  sp=0x000000001201f790,  free space=1021k
Native frames: (J=compiled Java code, j=interpreted, Vv=VM code, C=native code)
V  [jvm.dll+0x1133bb]
V  [jvm.dll+0x3f1f20]
V  [jvm.dll+0x3ef1c0]
V  [jvm.dll+0x3ecdde]
V  [jvm.dll+0x29a0fa]
C  [msvcr100.dll+0x21d9f]
C  [msvcr100.dll+0x21e3b]
C  [KERNEL32.DLL+0x18102]
C  [ntdll.dll+0x5c2e4]


---------------  P R O C E S S  ---------------

Java Threads: ( => current thread )
  0x00000000194ec800 JavaThread "AWT-Windows" daemon [_thread_in_native, id=1332, stack(0x0000000019a00000,0x0000000019b00000)]
  0x00000000194ec000 JavaThread "AWT-Shutdown" [_thread_blocked, id=2232, stack(0x0000000019900000,0x0000000019a00000)]
  0x00000000194eb000 JavaThread "Java2D Disposer" daemon [_thread_blocked, id=8680, stack(0x0000000019800000,0x0000000019900000)]
  0x000000001918b800 JavaThread "Service Thread" daemon [_thread_blocked, id=2396, stack(0x0000000019520000,0x0000000019620000)]
  0x00000000171ba800 JavaThread "C1 CompilerThread2" daemon [_thread_blocked, id=8304, stack(0x0000000019020000,0x0000000019120000)]
  0x00000000171b4800 JavaThread "C2 CompilerThread1" daemon [_thread_blocked, id=8512, stack(0x0000000018f20000,0x0000000019020000)]
  0x00000000171b1800 JavaThread "C2 CompilerThread0" daemon [_thread_blocked, id=792, stack(0x0000000018e20000,0x0000000018f20000)]
  0x00000000171ae000 JavaThread "Attach Listener" daemon [_thread_blocked, id=3748, stack(0x0000000018d20000,0x0000000018e20000)]
  0x00000000171ad000 JavaThread "Signal Dispatcher" daemon [_thread_blocked, id=9236, stack(0x0000000018c20000,0x0000000018d20000)]
  0x00000000023a8000 JavaThread "Finalizer" daemon [_thread_blocked, id=4468, stack(0x0000000018a40000,0x0000000018b40000)]
  0x00000000023a1000 JavaThread "Reference Handler" daemon [_thread_blocked, id=3216, stack(0x0000000018940000,0x0000000018a40000)]
  0x00000000022b0800 JavaThread "main" [_thread_blocked, id=1160, stack(0x00000000021b0000,0x00000000022b0000)]

Other Threads:
  0x0000000017177800 VMThread [stack: 0x0000000018840000,0x0000000018940000] [id=8396]
  0x00000000191a5000 WatcherThread [stack: 0x0000000019620000,0x0000000019720000] [id=4784]

=>0x00000000022c8000 (exited) GCTaskThread [stack: 0x0000000011f20000,0x0000000012020000] [id=7480]

VM state:at safepoint (normal execution)

VM Mutex/Monitor currently owned by a thread:  ([mutex/lock_event])
[0x000000000087bf10] Threads_lock - owner thread: 0x0000000017177800
[0x000000000087c890] Heap_lock - owner thread: 0x00000000022b0800

Heap:
 PSYoungGen      total 71680K, used 5088K [0x00000000d5900000, 0x00000000da400000, 0x0000000100000000)
  eden space 66560K, 0% used [0x00000000d5900000,0x00000000d5900000,0x00000000d9a00000)
  from space 5120K, 99% used [0x00000000d9f00000,0x00000000da3f8020,0x00000000da400000)
  to   space 5120K, 0% used [0x00000000d9a00000,0x00000000d9a00000,0x00000000d9f00000)
 ParOldGen       total 87552K, used 59288K [0x0000000080a00000, 0x0000000085f80000, 0x00000000d5900000)
  object space 87552K, 67% used [0x0000000080a00000,0x00000000843e6000,0x0000000085f80000)
 Metaspace       used 5974K, capacity 6148K, committed 6528K, reserved 1056768K
  class space    used 697K, capacity 770K, committed 896K, reserved 1048576K

Card table byte_map: [0x0000000011770000,0x0000000011b70000] byte_map_base: 0x000000001136b000

Marking Bits: (ParMarkBitMap*) 0x0000000062bba5b0
 Begin Bits: [0x0000000012420000, 0x00000000143f8000)
 End Bits:   [0x00000000143f8000, 0x00000000163d0000)

Polling page: 0x0000000000850000

CodeCache: size=245760Kb used=1580Kb max_used=1593Kb free=244179Kb
 bounds [0x00000000023b0000, 0x0000000002620000, 0x00000000113b0000]
 total_blobs=603 nmethods=265 adapters=252
 compilation: enabled

Compilation events (10 events):
Event: 0.204 Thread 0x00000000171ba800  261       3       engine.grid.GridTile::<init> (31 bytes)
Event: 0.205 Thread 0x00000000171ba800 nmethod 261 0x0000000002538390 code [0x0000000002538520, 0x00000000025388f0]
Event: 0.205 Thread 0x00000000171b1800  262       4       engine.grid.GridTile::<init> (31 bytes)
Event: 0.206 Thread 0x00000000171b1800 nmethod 262 0x000000000253b810 code [0x000000000253b960, 0x000000000253ba78]
Event: 0.210 Thread 0x00000000171ba800  263 %     3       engine.grid.GridController::init @ 35 (79 bytes)
Event: 0.211 Thread 0x00000000171ba800 nmethod 263% 0x000000000253a950 code [0x000000000253ab20, 0x000000000253b330]
Event: 0.211 Thread 0x00000000171ba800  264       3       engine.grid.GridController::init (79 bytes)
Event: 0.211 Thread 0x00000000171ba800 nmethod 264 0x0000000002539ad0 code [0x0000000002539ca0, 0x000000000253a470]
Event: 0.213 Thread 0x00000000171b4800  265 %     4       engine.grid.GridController::init @ 35 (79 bytes)
Event: 0.219 Thread 0x00000000171b4800 nmethod 265% 0x0000000002539210 code [0x0000000002539380, 0x0000000002539858]

GC Heap History (5 events):
Event: 0.228 GC heap before
{Heap before GC invocations=1 (full 0):
 PSYoungGen      total 38400K, used 33280K [0x00000000d5900000, 0x00000000d8380000, 0x0000000100000000)
  eden space 33280K, 100% used [0x00000000d5900000,0x00000000d7980000,0x00000000d7980000)
  from space 5120K, 0% used [0x00000000d7e80000,0x00000000d7e80000,0x00000000d8380000)
  to   space 5120K, 0% used [0x00000000d7980000,0x00000000d7980000,0x00000000d7e80000)
 ParOldGen       total 87552K, used 0K [0x0000000080a00000, 0x0000000085f80000, 0x00000000d5900000)
  object space 87552K, 0% used [0x0000000080a00000,0x0000000080a00000,0x0000000085f80000)
 Metaspace       used 5974K, capacity 6148K, committed 6528K, reserved 1056768K
  class space    used 697K, capacity 770K, committed 896K, reserved 1048576K
Event: 0.265 GC heap after
Heap after GC invocations=1 (full 0):
 PSYoungGen      total 38400K, used 5120K [0x00000000d5900000, 0x00000000da400000, 0x0000000100000000)
  eden space 33280K, 0% used [0x00000000d5900000,0x00000000d5900000,0x00000000d7980000)
  from space 5120K, 100% used [0x00000000d7980000,0x00000000d7e80000,0x00000000d7e80000)
  to   space 5120K, 0% used [0x00000000d9f00000,0x00000000d9f00000,0x00000000da400000)
 ParOldGen       total 87552K, used 25232K [0x0000000080a00000, 0x0000000085f80000, 0x00000000d5900000)
  object space 87552K, 28% used [0x0000000080a00000,0x00000000822a4000,0x0000000085f80000)
 Metaspace       used 5974K, capacity 6148K, committed 6528K, reserved 1056768K
  class space    used 697K, capacity 770K, committed 896K, reserved 1048576K
}
Event: 0.280 GC heap before
{Heap before GC invocations=2 (full 0):
 PSYoungGen      total 38400K, used 38400K [0x00000000d5900000, 0x00000000da400000, 0x0000000100000000)
  eden space 33280K, 100% used [0x00000000d5900000,0x00000000d7980000,0x00000000d7980000)
  from space 5120K, 100% used [0x00000000d7980000,0x00000000d7e80000,0x00000000d7e80000)
  to   space 5120K, 0% used [0x00000000d9f00000,0x00000000d9f00000,0x00000000da400000)
 ParOldGen       total 87552K, used 25232K [0x0000000080a00000, 0x0000000085f80000, 0x00000000d5900000)
  object space 87552K, 28% used [0x0000000080a00000,0x00000000822a4000,0x0000000085f80000)
 Metaspace       used 5974K, capacity 6148K, committed 6528K, reserved 1056768K
  class space    used 697K, capacity 770K, committed 896K, reserved 1048576K
Event: 0.338 GC heap after
Heap after GC invocations=2 (full 0):
 PSYoungGen      total 71680K, used 5088K [0x00000000d5900000, 0x00000000da400000, 0x0000000100000000)
  eden space 66560K, 0% used [0x00000000d5900000,0x00000000d5900000,0x00000000d9a00000)
  from space 5120K, 99% used [0x00000000d9f00000,0x00000000da3f8020,0x00000000da400000)
  to   space 5120K, 0% used [0x00000000d9a00000,0x00000000d9a00000,0x00000000d9f00000)
 ParOldGen       total 87552K, used 59288K [0x0000000080a00000, 0x0000000085f80000, 0x00000000d5900000)
  object space 87552K, 67% used [0x0000000080a00000,0x00000000843e6000,0x0000000085f80000)
 Metaspace       used 5974K, capacity 6148K, committed 6528K, reserved 1056768K
  class space    used 697K, capacity 770K, committed 896K, reserved 1048576K
}
Event: 0.338 GC heap before
{Heap before GC invocations=3 (full 1):
 PSYoungGen      total 71680K, used 5088K [0x00000000d5900000, 0x00000000da400000, 0x0000000100000000)
  eden space 66560K, 0% used [0x00000000d5900000,0x00000000d5900000,0x00000000d9a00000)
  from space 5120K, 99% used [0x00000000d9f00000,0x00000000da3f8020,0x00000000da400000)
  to   space 5120K, 0% used [0x00000000d9a00000,0x00000000d9a00000,0x00000000d9f00000)
 ParOldGen       total 87552K, used 59288K [0x0000000080a00000, 0x0000000085f80000, 0x00000000d5900000)
  object space 87552K, 67% used [0x0000000080a00000,0x00000000843e6000,0x0000000085f80000)
 Metaspace       used 5974K, capacity 6148K, committed 6528K, reserved 1056768K
  class space    used 697K, capacity 770K, committed 896K, reserved 1048576K

Deoptimization events (1 events):
Event: 0.183 Thread 0x00000000022b0800 Uncommon trap: reason=null_check action=make_not_entrant pc=0x0000000002517a5c method=java.lang.String.equals(Ljava/lang/Object;)Z @ 8

Internal exceptions (10 events):
Event: 0.033 Thread 0x00000000022b0800 Exception <a 'java/lang/NoSuchMethodError': Method sun.misc.Unsafe.prefetchRead(Ljava/lang/Object;J)V name or signature does not match> (0x00000000d590d630) thrown at [C:\re\workspace\8-2-build-windows-amd64-cygwin\jdk8u66\5298\hotspot\src\share\vm\prims\j¼’á×o¶?
Event: 0.088 Thread 0x00000000022b0800 Exception <a 'java/security/PrivilegedActionException'> (0x00000000d59828a8) thrown at [C:\re\workspace\8-2-build-windows-amd64-cygwin\jdk8u66\5298\hotspot\src\share\vm\prims\jvm.cpp, line 1386]
Event: 0.088 Thread 0x00000000022b0800 Exception <a 'java/security/PrivilegedActionException'> (0x00000000d5982ab8) thrown at [C:\re\workspace\8-2-build-windows-amd64-cygwin\jdk8u66\5298\hotspot\src\share\vm\prims\jvm.cpp, line 1386]
Event: 0.088 Thread 0x00000000022b0800 Exception <a 'java/security/PrivilegedActionException'> (0x00000000d5986660) thrown at [C:\re\workspace\8-2-build-windows-amd64-cygwin\jdk8u66\5298\hotspot\src\share\vm\prims\jvm.cpp, line 1386]
Event: 0.088 Thread 0x00000000022b0800 Exception <a 'java/security/PrivilegedActionException'> (0x00000000d5986870) thrown at [C:\re\workspace\8-2-build-windows-amd64-cygwin\jdk8u66\5298\hotspot\src\share\vm\prims\jvm.cpp, line 1386]
Event: 0.092 Thread 0x00000000022b0800 Exception <a 'java/io/FileNotFoundException'> (0x00000000d5988f10) thrown at [C:\re\workspace\8-2-build-windows-amd64-cygwin\jdk8u66\5298\hotspot\src\share\vm\prims\jni.cpp, line 709]
Event: 0.128 Thread 0x00000000022b0800 Exception <a 'java/lang/NoSuchFieldError': method resolution failed> (0x00000000d5ba4040) thrown at [C:\re\workspace\8-2-build-windows-amd64-cygwin\jdk8u66\5298\hotspot\src\share\vm\prims\methodHandles.cpp, line 1146]
Event: 0.130 Thread 0x00000000022b0800 Exception <a 'java/lang/NoSuchFieldError': method resolution failed> (0x00000000d5bb1410) thrown at [C:\re\workspace\8-2-build-windows-amd64-cygwin\jdk8u66\5298\hotspot\src\share\vm\prims\methodHandles.cpp, line 1146]
Event: 0.183 Thread 0x00000000022b0800 Implicit null exception at 0x000000000251789b to 0x0000000002517a4d
Event: 0.190 Thread 0x00000000022b0800 Exception <a 'java/io/FileNotFoundException'> (0x00000000d5c951b0) thrown at [C:\re\workspace\8-2-build-windows-amd64-cygwin\jdk8u66\5298\hotspot\src\share\vm\prims\jni.cpp, line 709]

Events (10 events):
Event: 0.200 loading class com/sun/java/swing/SwingUtilities3 done
Event: 0.201 loading class engine/grid/GridController
Event: 0.201 loading class engine/grid/GridController done
Event: 0.201 loading class engine/grid/GridTile
Event: 0.201 loading class engine/grid/GridTile done
Event: 0.220 Thread 0x00000000022b0800 DEOPT PACKING pc=0x000000000253b249 sp=0x00000000022af2a0
Event: 0.220 Thread 0x00000000022b0800 DEOPT UNPACKING pc=0x00000000023f747f sp=0x00000000022af040 mode 0
Event: 0.228 Executing VM operation: ParallelGCFailedAllocation
Event: 0.265 Executing VM operation: ParallelGCFailedAllocation done
Event: 0.280 Executing VM operation: ParallelGCFailedAllocation


Dynamic libraries:
0x00007ff6fbd70000 - 0x00007ff6fbda7000 	C:\Program Files\Java\jre1.8.0_66\bin\javaw.exe
0x00007ffa04800000 - 0x00007ffa049c1000 	C:\WINDOWS\SYSTEM32\ntdll.dll
0x00007ffa02340000 - 0x00007ffa023ed000 	C:\WINDOWS\system32\KERNEL32.DLL
0x00007ffa00e90000 - 0x00007ffa01078000 	C:\WINDOWS\system32\KERNELBASE.dll
0x00007ffa02010000 - 0x00007ffa020b7000 	C:\WINDOWS\system32\ADVAPI32.dll
0x00007ffa02760000 - 0x00007ffa027fd000 	C:\WINDOWS\system32\msvcrt.dll
0x00007ffa02440000 - 0x00007ffa0249b000 	C:\WINDOWS\system32\sechost.dll
0x00007ffa02220000 - 0x00007ffa0233c000 	C:\WINDOWS\system32\RPCRT4.dll
0x00007ffa029c0000 - 0x00007ffa02b16000 	C:\WINDOWS\system32\USER32.dll
0x00007ffa01c50000 - 0x00007ffa01dd6000 	C:\WINDOWS\system32\GDI32.dll
0x00007ff9fd770000 - 0x00007ff9fd9e4000 	C:\WINDOWS\WinSxS\amd64_microsoft.windows.common-controls_6595b64144ccf1df_6.0.10586.0_none_8c15ae12515e1c22\COMCTL32.dll
0x00007ffa040f0000 - 0x00007ffa0436d000 	C:\WINDOWS\system32\combase.dll
0x00007ffa01150000 - 0x00007ffa011ba000 	C:\WINDOWS\system32\bcryptPrimitives.dll
0x00007ffa02800000 - 0x00007ffa0283b000 	C:\WINDOWS\system32\IMM32.DLL
0x00000000621d0000 - 0x00000000622a2000 	C:\Program Files\Java\jre1.8.0_66\bin\msvcr100.dll
0x00000000623b0000 - 0x0000000062c39000 	C:\Program Files\Java\jre1.8.0_66\bin\server\jvm.dll
0x00007ffa02430000 - 0x00007ffa02438000 	C:\WINDOWS\system32\PSAPI.DLL
0x00007ff9fe3f0000 - 0x00007ff9fe413000 	C:\WINDOWS\SYSTEM32\WINMM.dll
0x00007ff9f4800000 - 0x00007ff9f4809000 	C:\WINDOWS\SYSTEM32\WSOCK32.dll
0x00007ff9ff490000 - 0x00007ff9ff49a000 	C:\WINDOWS\SYSTEM32\VERSION.dll
0x00007ffa04080000 - 0x00007ffa040eb000 	C:\WINDOWS\system32\WS2_32.dll
0x00000000008c0000 - 0x00000000008ec000 	C:\WINDOWS\SYSTEM32\WINMMBASE.dll
0x00007ffa01080000 - 0x00007ffa010c3000 	C:\WINDOWS\system32\cfgmgr32.dll
0x0000000062ea0000 - 0x0000000062eaf000 	C:\Program Files\Java\jre1.8.0_66\bin\verify.dll
0x0000000062e70000 - 0x0000000062e99000 	C:\Program Files\Java\jre1.8.0_66\bin\java.dll
0x0000000062e50000 - 0x0000000062e66000 	C:\Program Files\Java\jre1.8.0_66\bin\zip.dll
0x00007ffa02b20000 - 0x00007ffa0407f000 	C:\WINDOWS\system32\SHELL32.dll
0x00007ffa01590000 - 0x00007ffa01bd4000 	C:\WINDOWS\system32\windows.storage.dll
0x00007ffa047a0000 - 0x00007ffa047f2000 	C:\WINDOWS\system32\shlwapi.dll
0x00007ffa00e00000 - 0x00007ffa00e0f000 	C:\WINDOWS\system32\kernel.appcore.dll
0x00007ffa01420000 - 0x00007ffa014d5000 	C:\WINDOWS\system32\shcore.dll
0x00007ffa00e20000 - 0x00007ffa00e6b000 	C:\WINDOWS\system32\powrprof.dll
0x00007ffa00e70000 - 0x00007ffa00e84000 	C:\WINDOWS\system32\profapi.dll
0x0000000062030000 - 0x00000000621c8000 	C:\Program Files\Java\jre1.8.0_66\bin\awt.dll
0x00007ffa01de0000 - 0x00007ffa01ea1000 	C:\WINDOWS\system32\OLEAUT32.dll
0x00007ff9fecb0000 - 0x00007ff9fed29000 	C:\WINDOWS\system32\apphelp.dll
0x00007ff9feff0000 - 0x00007ff9ff086000 	C:\WINDOWS\system32\uxtheme.dll
0x00007ffa020c0000 - 0x00007ffa0221a000 	C:\WINDOWS\system32\MSCTF.dll
0x00007ff9fe420000 - 0x00007ff9fe442000 	C:\WINDOWS\system32\dwmapi.dll
0x00007ffa01eb0000 - 0x00007ffa01ff3000 	C:\WINDOWS\system32\ole32.dll
0x00007ff9e1610000 - 0x00007ff9e179c000 	C:\WINDOWS\SYSTEM32\dbghelp.dll

VM Arguments:
jvm_args: -Dfile.encoding=Cp1252 
java_command: engine.Game
java_class_path (initial): C:\Users\David\workspace\Alone-in-the-Void\bin
Launcher Type: SUN_STANDARD

Environment Variables:
PATH=C:/Program Files/Java/jre1.8.0_66/bin/server;C:/Program Files/Java/jre1.8.0_66/bin;C:/Program Files/Java/jre1.8.0_66/lib/amd64;C:\ProgramData\Oracle\Java\javapath;C:\Program Files\Common Files\Microsoft Shared\Windows Live;C:\Program Files (x86)\Common Files\Microsoft Shared\Windows Live;C:\Windows\system32;C:\Windows;C:\Windows\System32\Wbem;C:\Windows\System32\WindowsPowerShell\v1.0\;C:\Program Files (x86)\Windows Live\Shared;C:\Program Files (x86)\Skype\Phone\;C:\WINDOWS\system32;C:\WINDOWS;C:\WINDOWS\System32\Wbem;C:\WINDOWS\System32\WindowsPowerShell\v1.0\;C:\Program Files (x86)\NVIDIA Corporation\PhysX\Common;%SystemRoot%\system32;%SystemRoot%;%SystemRoot%\System32\Wbem;%SYSTEMROOT%\System32\WindowsPowerShell\v1.0\;C:\Users\David\Documents\Programming\eclipse;
USERNAME=David
OS=Windows_NT
PROCESSOR_IDENTIFIER=AMD64 Family 21 Model 2 Stepping 0, AuthenticAMD



---------------  S Y S T E M  ---------------

OS: Windows 10.0 , 64 bit Build 10586 (10.0.10586.0)

CPU:total 6 (6 cores per cpu, 1 threads per core) family 21 model 2 stepping 0, cmov, cx8, fxsr, mmx, sse, sse2, sse3, ssse3, sse4.1, sse4.2, popcnt, avx, aes, clmul, mmxext, 3dnowpref, lzcnt, sse4a, tsc, tscinvbit, tscinv, bmi1

Memory: 4k page, physical 8340788k(4117656k free), swap 16729396k(11326964k free)

vm_info: Java HotSpot(TM) 64-Bit Server VM (25.66-b18) for windows-amd64 JRE (1.8.0_66-b18), built on Nov  9 2015 10:51:13 by "java_re" with MS VC++ 10.0 (VS2010)

time: Mon Dec 28 00:58:48 2015
elapsed time: 0 seconds (0d 0h 0m 0s)

